  AutoAim-ncnn.cpp
ncnn.lib(mat_pixel.obj) : error LNK2038: 检测到“RuntimeLibrary”的不匹配项: 值“MD_DynamicRelease”不匹配值“MDd_DynamicDebug”(AutoAim-ncnn.obj 中)
ncnn.lib(mat.obj) : error LNK2038: 检测到“RuntimeLibrary”的不匹配项: 值“MD_DynamicRelease”不匹配值“MDd_DynamicDebug”(AutoAim-ncnn.obj 中)
ncnn.lib(net.obj) : error LNK2038: 检测到“RuntimeLibrary”的不匹配项: 值“MD_DynamicRelease”不匹配值“MDd_DynamicDebug”(AutoAim-ncnn.obj 中)
ncnn.lib(mat_pixel_resize.obj) : error LNK2038: 检测到“RuntimeLibrary”的不匹配项: 值“MD_DynamicRelease”不匹配值“MDd_DynamicDebug”(AutoAim-ncnn.obj 中)
ncnn.lib(option.obj) : error LNK2038: 检测到“RuntimeLibrary”的不匹配项: 值“MD_DynamicRelease”不匹配值“MDd_DynamicDebug”(AutoAim-ncnn.obj 中)
ncnn.lib(modelbin.obj) : error LNK2038: 检测到“RuntimeLibrary”的不匹配项: 值“MD_DynamicRelease”不匹配值“MDd_DynamicDebug”(AutoAim-ncnn.obj 中)
ncnn.lib(paramdict.obj) : error LNK2038: 检测到“RuntimeLibrary”的不匹配项: 值“MD_DynamicRelease”不匹配值“MDd_DynamicDebug”(AutoAim-ncnn.obj 中)
ncnn.lib(layer.obj) : error LNK2038: 检测到“RuntimeLibrary”的不匹配项: 值“MD_DynamicRelease”不匹配值“MDd_DynamicDebug”(AutoAim-ncnn.obj 中)
ncnn.lib(allocator.obj) : error LNK2038: 检测到“RuntimeLibrary”的不匹配项: 值“MD_DynamicRelease”不匹配值“MDd_DynamicDebug”(AutoAim-ncnn.obj 中)
ncnn.lib(blob.obj) : error LNK2038: 检测到“RuntimeLibrary”的不匹配项: 值“MD_DynamicRelease”不匹配值“MDd_DynamicDebug”(AutoAim-ncnn.obj 中)
ncnn.lib(command.obj) : error LNK2038: 检测到“RuntimeLibrary”的不匹配项: 值“MD_DynamicRelease”不匹配值“MDd_DynamicDebug”(AutoAim-ncnn.obj 中)
ncnn.lib(gpu.obj) : error LNK2038: 检测到“RuntimeLibrary”的不匹配项: 值“MD_DynamicRelease”不匹配值“MDd_DynamicDebug”(AutoAim-ncnn.obj 中)
ncnn.lib(cpu.obj) : error LNK2038: 检测到“RuntimeLibrary”的不匹配项: 值“MD_DynamicRelease”不匹配值“MDd_DynamicDebug”(AutoAim-ncnn.obj 中)
ncnn.lib(datareader.obj) : error LNK2038: 检测到“RuntimeLibrary”的不匹配项: 值“MD_DynamicRelease”不匹配值“MDd_DynamicDebug”(AutoAim-ncnn.obj 中)
ncnn.lib(pipelinecache.obj) : error LNK2038: 检测到“RuntimeLibrary”的不匹配项: 值“MD_DynamicRelease”不匹配值“MDd_DynamicDebug”(AutoAim-ncnn.obj 中)
ncnn.lib(absval.obj) : error LNK2038: 检测到“RuntimeLibrary”的不匹配项: 值“MD_DynamicRelease”不匹配值“MDd_DynamicDebug”(AutoAim-ncnn.obj 中)
ncnn.lib(absval_vulkan.obj) : error LNK2038: 检测到“RuntimeLibrary”的不匹配项: 值“MD_DynamicRelease”不匹配值“MDd_DynamicDebug”(AutoAim-ncnn.obj 中)
ncnn.lib(batchnorm.obj) : error LNK2038: 检测到“RuntimeLibrary”的不匹配项: 值“MD_DynamicRelease”不匹配值“MDd_DynamicDebug”(AutoAim-ncnn.obj 中)
ncnn.lib(batchnorm_vulkan.obj) : error LNK2038: 检测到“RuntimeLibrary”的不匹配项: 值“MD_DynamicRelease”不匹配值“MDd_DynamicDebug”(AutoAim-ncnn.obj 中)
ncnn.lib(batchnorm_x86.obj) : error LNK2038: 检测到“RuntimeLibrary”的不匹配项: 值“MD_DynamicRelease”不匹配值“MDd_DynamicDebug”(AutoAim-ncnn.obj 中)
ncnn.lib(batchnorm_x86_avx512.obj) : error LNK2038: 检测到“RuntimeLibrary”的不匹配项: 值“MD_DynamicRelease”不匹配值“MDd_DynamicDebug”(AutoAim-ncnn.obj 中)
ncnn.lib(batchnorm_x86_fma.obj) : error LNK2038: 检测到“RuntimeLibrary”的不匹配项: 值“MD_DynamicRelease”不匹配值“MDd_DynamicDebug”(AutoAim-ncnn.obj 中)
ncnn.lib(batchnorm_x86_avx.obj) : error LNK2038: 检测到“RuntimeLibrary”的不匹配项: 值“MD_DynamicRelease”不匹配值“MDd_DynamicDebug”(AutoAim-ncnn.obj 中)
ncnn.lib(bias.obj) : error LNK2038: 检测到“RuntimeLibrary”的不匹配项: 值“MD_DynamicRelease”不匹配值“MDd_DynamicDebug”(AutoAim-ncnn.obj 中)
ncnn.lib(bias_x86.obj) : error LNK2038: 检测到“RuntimeLibrary”的不匹配项: 值“MD_DynamicRelease”不匹配值“MDd_DynamicDebug”(AutoAim-ncnn.obj 中)
ncnn.lib(bias_x86_avx512.obj) : error LNK2038: 检测到“RuntimeLibrary”的不匹配项: 值“MD_DynamicRelease”不匹配值“MDd_DynamicDebug”(AutoAim-ncnn.obj 中)
ncnn.lib(bias_x86_fma.obj) : error LNK2038: 检测到“RuntimeLibrary”的不匹配项: 值“MD_DynamicRelease”不匹配值“MDd_DynamicDebug”(AutoAim-ncnn.obj 中)
ncnn.lib(bias_x86_avx.obj) : error LNK2038: 检测到“RuntimeLibrary”的不匹配项: 值“MD_DynamicRelease”不匹配值“MDd_DynamicDebug”(AutoAim-ncnn.obj 中)
ncnn.lib(bnll.obj) : error LNK2038: 检测到“RuntimeLibrary”的不匹配项: 值“MD_DynamicRelease”不匹配值“MDd_DynamicDebug”(AutoAim-ncnn.obj 中)
ncnn.lib(bnll_x86.obj) : error LNK2038: 检测到“RuntimeLibrary”的不匹配项: 值“MD_DynamicRelease”不匹配值“MDd_DynamicDebug”(AutoAim-ncnn.obj 中)
ncnn.lib(bnll_x86_avx512.obj) : error LNK2038: 检测到“RuntimeLibrary”的不匹配项: 值“MD_DynamicRelease”不匹配值“MDd_DynamicDebug”(AutoAim-ncnn.obj 中)
ncnn.lib(bnll_x86_fma.obj) : error LNK2038: 检测到“RuntimeLibrary”的不匹配项: 值“MD_DynamicRelease”不匹配值“MDd_DynamicDebug”(AutoAim-ncnn.obj 中)
ncnn.lib(bnll_x86_avx.obj) : error LNK2038: 检测到“RuntimeLibrary”的不匹配项: 值“MD_DynamicRelease”不匹配值“MDd_DynamicDebug”(AutoAim-ncnn.obj 中)
ncnn.lib(concat.obj) : error LNK2038: 检测到“RuntimeLibrary”的不匹配项: 值“MD_DynamicRelease”不匹配值“MDd_DynamicDebug”(AutoAim-ncnn.obj 中)
ncnn.lib(concat_vulkan.obj) : error LNK2038: 检测到“RuntimeLibrary”的不匹配项: 值“MD_DynamicRelease”不匹配值“MDd_DynamicDebug”(AutoAim-ncnn.obj 中)
ncnn.lib(concat_x86.obj) : error LNK2038: 检测到“RuntimeLibrary”的不匹配项: 值“MD_DynamicRelease”不匹配值“MDd_DynamicDebug”(AutoAim-ncnn.obj 中)
ncnn.lib(concat_x86_avx512.obj) : error LNK2038: 检测到“RuntimeLibrary”的不匹配项: 值“MD_DynamicRelease”不匹配值“MDd_DynamicDebug”(AutoAim-ncnn.obj 中)
ncnn.lib(concat_x86_fma.obj) : error LNK2038: 检测到“RuntimeLibrary”的不匹配项: 值“MD_DynamicRelease”不匹配值“MDd_DynamicDebug”(AutoAim-ncnn.obj 中)
ncnn.lib(concat_x86_avx.obj) : error LNK2038: 检测到“RuntimeLibrary”的不匹配项: 值“MD_DynamicRelease”不匹配值“MDd_DynamicDebug”(AutoAim-ncnn.obj 中)
ncnn.lib(convolution.obj) : error LNK2038: 检测到“RuntimeLibrary”的不匹配项: 值“MD_DynamicRelease”不匹配值“MDd_DynamicDebug”(AutoAim-ncnn.obj 中)
ncnn.lib(convolution_vulkan.obj) : error LNK2038: 检测到“RuntimeLibrary”的不匹配项: 值“MD_DynamicRelease”不匹配值“MDd_DynamicDebug”(AutoAim-ncnn.obj 中)
ncnn.lib(convolution_x86.obj) : error LNK2038: 检测到“RuntimeLibrary”的不匹配项: 值“MD_DynamicRelease”不匹配值“MDd_DynamicDebug”(AutoAim-ncnn.obj 中)
ncnn.lib(convolution_x86_avx512.obj) : error LNK2038: 检测到“RuntimeLibrary”的不匹配项: 值“MD_DynamicRelease”不匹配值“MDd_DynamicDebug”(AutoAim-ncnn.obj 中)
ncnn.lib(convolution_x86_fma.obj) : error LNK2038: 检测到“RuntimeLibrary”的不匹配项: 值“MD_DynamicRelease”不匹配值“MDd_DynamicDebug”(AutoAim-ncnn.obj 中)
ncnn.lib(convolution_x86_avx.obj) : error LNK2038: 检测到“RuntimeLibrary”的不匹配项: 值“MD_DynamicRelease”不匹配值“MDd_DynamicDebug”(AutoAim-ncnn.obj 中)
ncnn.lib(crop.obj) : error LNK2038: 检测到“RuntimeLibrary”的不匹配项: 值“MD_DynamicRelease”不匹配值“MDd_DynamicDebug”(AutoAim-ncnn.obj 中)
ncnn.lib(crop_vulkan.obj) : error LNK2038: 检测到“RuntimeLibrary”的不匹配项: 值“MD_DynamicRelease”不匹配值“MDd_DynamicDebug”(AutoAim-ncnn.obj 中)
ncnn.lib(crop_x86.obj) : error LNK2038: 检测到“RuntimeLibrary”的不匹配项: 值“MD_DynamicRelease”不匹配值“MDd_DynamicDebug”(AutoAim-ncnn.obj 中)
ncnn.lib(crop_x86_avx512.obj) : error LNK2038: 检测到“RuntimeLibrary”的不匹配项: 值“MD_DynamicRelease”不匹配值“MDd_DynamicDebug”(AutoAim-ncnn.obj 中)
ncnn.lib(crop_x86_fma.obj) : error LNK2038: 检测到“RuntimeLibrary”的不匹配项: 值“MD_DynamicRelease”不匹配值“MDd_DynamicDebug”(AutoAim-ncnn.obj 中)
ncnn.lib(crop_x86_avx.obj) : error LNK2038: 检测到“RuntimeLibrary”的不匹配项: 值“MD_DynamicRelease”不匹配值“MDd_DynamicDebug”(AutoAim-ncnn.obj 中)
ncnn.lib(deconvolution.obj) : error LNK2038: 检测到“RuntimeLibrary”的不匹配项: 值“MD_DynamicRelease”不匹配值“MDd_DynamicDebug”(AutoAim-ncnn.obj 中)
ncnn.lib(deconvolution_vulkan.obj) : error LNK2038: 检测到“RuntimeLibrary”的不匹配项: 值“MD_DynamicRelease”不匹配值“MDd_DynamicDebug”(AutoAim-ncnn.obj 中)
ncnn.lib(deconvolution_x86.obj) : error LNK2038: 检测到“RuntimeLibrary”的不匹配项: 值“MD_DynamicRelease”不匹配值“MDd_DynamicDebug”(AutoAim-ncnn.obj 中)
ncnn.lib(deconvolution_x86_avx512.obj) : error LNK2038: 检测到“RuntimeLibrary”的不匹配项: 值“MD_DynamicRelease”不匹配值“MDd_DynamicDebug”(AutoAim-ncnn.obj 中)
ncnn.lib(deconvolution_x86_fma.obj) : error LNK2038: 检测到“RuntimeLibrary”的不匹配项: 值“MD_DynamicRelease”不匹配值“MDd_DynamicDebug”(AutoAim-ncnn.obj 中)
ncnn.lib(deconvolution_x86_avx.obj) : error LNK2038: 检测到“RuntimeLibrary”的不匹配项: 值“MD_DynamicRelease”不匹配值“MDd_DynamicDebug”(AutoAim-ncnn.obj 中)
ncnn.lib(dropout.obj) : error LNK2038: 检测到“RuntimeLibrary”的不匹配项: 值“MD_DynamicRelease”不匹配值“MDd_DynamicDebug”(AutoAim-ncnn.obj 中)
ncnn.lib(dropout_vulkan.obj) : error LNK2038: 检测到“RuntimeLibrary”的不匹配项: 值“MD_DynamicRelease”不匹配值“MDd_DynamicDebug”(AutoAim-ncnn.obj 中)
ncnn.lib(dropout_x86.obj) : error LNK2038: 检测到“RuntimeLibrary”的不匹配项: 值“MD_DynamicRelease”不匹配值“MDd_DynamicDebug”(AutoAim-ncnn.obj 中)
ncnn.lib(dropout_x86_avx512.obj) : error LNK2038: 检测到“RuntimeLibrary”的不匹配项: 值“MD_DynamicRelease”不匹配值“MDd_DynamicDebug”(AutoAim-ncnn.obj 中)
ncnn.lib(dropout_x86_fma.obj) : error LNK2038: 检测到“RuntimeLibrary”的不匹配项: 值“MD_DynamicRelease”不匹配值“MDd_DynamicDebug”(AutoAim-ncnn.obj 中)
ncnn.lib(dropout_x86_avx.obj) : error LNK2038: 检测到“RuntimeLibrary”的不匹配项: 值“MD_DynamicRelease”不匹配值“MDd_DynamicDebug”(AutoAim-ncnn.obj 中)
ncnn.lib(eltwise.obj) : error LNK2038: 检测到“RuntimeLibrary”的不匹配项: 值“MD_DynamicRelease”不匹配值“MDd_DynamicDebug”(AutoAim-ncnn.obj 中)
ncnn.lib(eltwise_vulkan.obj) : error LNK2038: 检测到“RuntimeLibrary”的不匹配项: 值“MD_DynamicRelease”不匹配值“MDd_DynamicDebug”(AutoAim-ncnn.obj 中)
ncnn.lib(eltwise_x86.obj) : error LNK2038: 检测到“RuntimeLibrary”的不匹配项: 值“MD_DynamicRelease”不匹配值“MDd_DynamicDebug”(AutoAim-ncnn.obj 中)
ncnn.lib(eltwise_x86_avx512.obj) : error LNK2038: 检测到“RuntimeLibrary”的不匹配项: 值“MD_DynamicRelease”不匹配值“MDd_DynamicDebug”(AutoAim-ncnn.obj 中)
ncnn.lib(eltwise_x86_fma.obj) : error LNK2038: 检测到“RuntimeLibrary”的不匹配项: 值“MD_DynamicRelease”不匹配值“MDd_DynamicDebug”(AutoAim-ncnn.obj 中)
ncnn.lib(eltwise_x86_avx.obj) : error LNK2038: 检测到“RuntimeLibrary”的不匹配项: 值“MD_DynamicRelease”不匹配值“MDd_DynamicDebug”(AutoAim-ncnn.obj 中)
ncnn.lib(elu.obj) : error LNK2038: 检测到“RuntimeLibrary”的不匹配项: 值“MD_DynamicRelease”不匹配值“MDd_DynamicDebug”(AutoAim-ncnn.obj 中)
ncnn.lib(embed.obj) : error LNK2038: 检测到“RuntimeLibrary”的不匹配项: 值“MD_DynamicRelease”不匹配值“MDd_DynamicDebug”(AutoAim-ncnn.obj 中)
ncnn.lib(exp.obj) : error LNK2038: 检测到“RuntimeLibrary”的不匹配项: 值“MD_DynamicRelease”不匹配值“MDd_DynamicDebug”(AutoAim-ncnn.obj 中)
ncnn.lib(flatten.obj) : error LNK2038: 检测到“RuntimeLibrary”的不匹配项: 值“MD_DynamicRelease”不匹配值“MDd_DynamicDebug”(AutoAim-ncnn.obj 中)
ncnn.lib(flatten_vulkan.obj) : error LNK2038: 检测到“RuntimeLibrary”的不匹配项: 值“MD_DynamicRelease”不匹配值“MDd_DynamicDebug”(AutoAim-ncnn.obj 中)
ncnn.lib(flatten_x86.obj) : error LNK2038: 检测到“RuntimeLibrary”的不匹配项: 值“MD_DynamicRelease”不匹配值“MDd_DynamicDebug”(AutoAim-ncnn.obj 中)
ncnn.lib(flatten_x86_avx512.obj) : error LNK2038: 检测到“RuntimeLibrary”的不匹配项: 值“MD_DynamicRelease”不匹配值“MDd_DynamicDebug”(AutoAim-ncnn.obj 中)
ncnn.lib(flatten_x86_fma.obj) : error LNK2038: 检测到“RuntimeLibrary”的不匹配项: 值“MD_DynamicRelease”不匹配值“MDd_DynamicDebug”(AutoAim-ncnn.obj 中)
ncnn.lib(flatten_x86_avx.obj) : error LNK2038: 检测到“RuntimeLibrary”的不匹配项: 值“MD_DynamicRelease”不匹配值“MDd_DynamicDebug”(AutoAim-ncnn.obj 中)
ncnn.lib(innerproduct.obj) : error LNK2038: 检测到“RuntimeLibrary”的不匹配项: 值“MD_DynamicRelease”不匹配值“MDd_DynamicDebug”(AutoAim-ncnn.obj 中)
ncnn.lib(innerproduct_vulkan.obj) : error LNK2038: 检测到“RuntimeLibrary”的不匹配项: 值“MD_DynamicRelease”不匹配值“MDd_DynamicDebug”(AutoAim-ncnn.obj 中)
ncnn.lib(innerproduct_x86.obj) : error LNK2038: 检测到“RuntimeLibrary”的不匹配项: 值“MD_DynamicRelease”不匹配值“MDd_DynamicDebug”(AutoAim-ncnn.obj 中)
ncnn.lib(innerproduct_x86_avx512.obj) : error LNK2038: 检测到“RuntimeLibrary”的不匹配项: 值“MD_DynamicRelease”不匹配值“MDd_DynamicDebug”(AutoAim-ncnn.obj 中)
ncnn.lib(innerproduct_x86_fma.obj) : error LNK2038: 检测到“RuntimeLibrary”的不匹配项: 值“MD_DynamicRelease”不匹配值“MDd_DynamicDebug”(AutoAim-ncnn.obj 中)
ncnn.lib(innerproduct_x86_avx.obj) : error LNK2038: 检测到“RuntimeLibrary”的不匹配项: 值“MD_DynamicRelease”不匹配值“MDd_DynamicDebug”(AutoAim-ncnn.obj 中)
ncnn.lib(input.obj) : error LNK2038: 检测到“RuntimeLibrary”的不匹配项: 值“MD_DynamicRelease”不匹配值“MDd_DynamicDebug”(AutoAim-ncnn.obj 中)
ncnn.lib(log.obj) : error LNK2038: 检测到“RuntimeLibrary”的不匹配项: 值“MD_DynamicRelease”不匹配值“MDd_DynamicDebug”(AutoAim-ncnn.obj 中)
ncnn.lib(lrn.obj) : error LNK2038: 检测到“RuntimeLibrary”的不匹配项: 值“MD_DynamicRelease”不匹配值“MDd_DynamicDebug”(AutoAim-ncnn.obj 中)
ncnn.lib(lrn_vulkan.obj) : error LNK2038: 检测到“RuntimeLibrary”的不匹配项: 值“MD_DynamicRelease”不匹配值“MDd_DynamicDebug”(AutoAim-ncnn.obj 中)
ncnn.lib(lrn_x86.obj) : error LNK2038: 检测到“RuntimeLibrary”的不匹配项: 值“MD_DynamicRelease”不匹配值“MDd_DynamicDebug”(AutoAim-ncnn.obj 中)
ncnn.lib(lrn_x86_avx512.obj) : error LNK2038: 检测到“RuntimeLibrary”的不匹配项: 值“MD_DynamicRelease”不匹配值“MDd_DynamicDebug”(AutoAim-ncnn.obj 中)
ncnn.lib(lrn_x86_fma.obj) : error LNK2038: 检测到“RuntimeLibrary”的不匹配项: 值“MD_DynamicRelease”不匹配值“MDd_DynamicDebug”(AutoAim-ncnn.obj 中)
ncnn.lib(lrn_x86_avx.obj) : error LNK2038: 检测到“RuntimeLibrary”的不匹配项: 值“MD_DynamicRelease”不匹配值“MDd_DynamicDebug”(AutoAim-ncnn.obj 中)
ncnn.lib(memorydata.obj) : error LNK2038: 检测到“RuntimeLibrary”的不匹配项: 值“MD_DynamicRelease”不匹配值“MDd_DynamicDebug”(AutoAim-ncnn.obj 中)
ncnn.lib(memorydata_vulkan.obj) : error LNK2038: 检测到“RuntimeLibrary”的不匹配项: 值“MD_DynamicRelease”不匹配值“MDd_DynamicDebug”(AutoAim-ncnn.obj 中)
ncnn.lib(mvn.obj) : error LNK2038: 检测到“RuntimeLibrary”的不匹配项: 值“MD_DynamicRelease”不匹配值“MDd_DynamicDebug”(AutoAim-ncnn.obj 中)
ncnn.lib(pooling.obj) : error LNK2038: 检测到“RuntimeLibrary”的不匹配项: 值“MD_DynamicRelease”不匹配值“MDd_DynamicDebug”(AutoAim-ncnn.obj 中)
ncnn.lib(pooling_vulkan.obj) : error LNK2038: 检测到“RuntimeLibrary”的不匹配项: 值“MD_DynamicRelease”不匹配值“MDd_DynamicDebug”(AutoAim-ncnn.obj 中)
ncnn.lib(pooling_x86.obj) : error LNK2038: 检测到“RuntimeLibrary”的不匹配项: 值“MD_DynamicRelease”不匹配值“MDd_DynamicDebug”(AutoAim-ncnn.obj 中)
ncnn.lib(pooling_x86_avx512.obj) : error LNK2038: 检测到“RuntimeLibrary”的不匹配项: 值“MD_DynamicRelease”不匹配值“MDd_DynamicDebug”(AutoAim-ncnn.obj 中)
ncnn.lib(pooling_x86_fma.obj) : error LNK2038: 检测到“RuntimeLibrary”的不匹配项: 值“MD_DynamicRelease”不匹配值“MDd_DynamicDebug”(AutoAim-ncnn.obj 中)
ncnn.lib(pooling_x86_avx.obj) : error LNK2038: 检测到“RuntimeLibrary”的不匹配项: 值“MD_DynamicRelease”不匹配值“MDd_DynamicDebug”(AutoAim-ncnn.obj 中)
ncnn.lib(power.obj) : error LNK2038: 检测到“RuntimeLibrary”的不匹配项: 值“MD_DynamicRelease”不匹配值“MDd_DynamicDebug”(AutoAim-ncnn.obj 中)
ncnn.lib(prelu.obj) : error LNK2038: 检测到“RuntimeLibrary”的不匹配项: 值“MD_DynamicRelease”不匹配值“MDd_DynamicDebug”(AutoAim-ncnn.obj 中)
ncnn.lib(prelu_vulkan.obj) : error LNK2038: 检测到“RuntimeLibrary”的不匹配项: 值“MD_DynamicRelease”不匹配值“MDd_DynamicDebug”(AutoAim-ncnn.obj 中)
ncnn.lib(prelu_x86.obj) : error LNK2038: 检测到“RuntimeLibrary”的不匹配项: 值“MD_DynamicRelease”不匹配值“MDd_DynamicDebug”(AutoAim-ncnn.obj 中)
ncnn.lib(prelu_x86_avx512.obj) : error LNK2038: 检测到“RuntimeLibrary”的不匹配项: 值“MD_DynamicRelease”不匹配值“MDd_DynamicDebug”(AutoAim-ncnn.obj 中)
ncnn.lib(prelu_x86_fma.obj) : error LNK2038: 检测到“RuntimeLibrary”的不匹配项: 值“MD_DynamicRelease”不匹配值“MDd_DynamicDebug”(AutoAim-ncnn.obj 中)
ncnn.lib(prelu_x86_avx.obj) : error LNK2038: 检测到“RuntimeLibrary”的不匹配项: 值“MD_DynamicRelease”不匹配值“MDd_DynamicDebug”(AutoAim-ncnn.obj 中)
ncnn.lib(proposal.obj) : error LNK2038: 检测到“RuntimeLibrary”的不匹配项: 值“MD_DynamicRelease”不匹配值“MDd_DynamicDebug”(AutoAim-ncnn.obj 中)
ncnn.lib(reduction.obj) : error LNK2038: 检测到“RuntimeLibrary”的不匹配项: 值“MD_DynamicRelease”不匹配值“MDd_DynamicDebug”(AutoAim-ncnn.obj 中)
ncnn.lib(relu.obj) : error LNK2038: 检测到“RuntimeLibrary”的不匹配项: 值“MD_DynamicRelease”不匹配值“MDd_DynamicDebug”(AutoAim-ncnn.obj 中)
ncnn.lib(relu_vulkan.obj) : error LNK2038: 检测到“RuntimeLibrary”的不匹配项: 值“MD_DynamicRelease”不匹配值“MDd_DynamicDebug”(AutoAim-ncnn.obj 中)
ncnn.lib(relu_x86.obj) : error LNK2038: 检测到“RuntimeLibrary”的不匹配项: 值“MD_DynamicRelease”不匹配值“MDd_DynamicDebug”(AutoAim-ncnn.obj 中)
ncnn.lib(relu_x86_avx512.obj) : error LNK2038: 检测到“RuntimeLibrary”的不匹配项: 值“MD_DynamicRelease”不匹配值“MDd_DynamicDebug”(AutoAim-ncnn.obj 中)
ncnn.lib(relu_x86_fma.obj) : error LNK2038: 检测到“RuntimeLibrary”的不匹配项: 值“MD_DynamicRelease”不匹配值“MDd_DynamicDebug”(AutoAim-ncnn.obj 中)
ncnn.lib(relu_x86_avx.obj) : error LNK2038: 检测到“RuntimeLibrary”的不匹配项: 值“MD_DynamicRelease”不匹配值“MDd_DynamicDebug”(AutoAim-ncnn.obj 中)
ncnn.lib(reshape.obj) : error LNK2038: 检测到“RuntimeLibrary”的不匹配项: 值“MD_DynamicRelease”不匹配值“MDd_DynamicDebug”(AutoAim-ncnn.obj 中)
ncnn.lib(reshape_vulkan.obj) : error LNK2038: 检测到“RuntimeLibrary”的不匹配项: 值“MD_DynamicRelease”不匹配值“MDd_DynamicDebug”(AutoAim-ncnn.obj 中)
ncnn.lib(reshape_x86.obj) : error LNK2038: 检测到“RuntimeLibrary”的不匹配项: 值“MD_DynamicRelease”不匹配值“MDd_DynamicDebug”(AutoAim-ncnn.obj 中)
ncnn.lib(reshape_x86_avx512.obj) : error LNK2038: 检测到“RuntimeLibrary”的不匹配项: 值“MD_DynamicRelease”不匹配值“MDd_DynamicDebug”(AutoAim-ncnn.obj 中)
ncnn.lib(reshape_x86_fma.obj) : error LNK2038: 检测到“RuntimeLibrary”的不匹配项: 值“MD_DynamicRelease”不匹配值“MDd_DynamicDebug”(AutoAim-ncnn.obj 中)
ncnn.lib(reshape_x86_avx.obj) : error LNK2038: 检测到“RuntimeLibrary”的不匹配项: 值“MD_DynamicRelease”不匹配值“MDd_DynamicDebug”(AutoAim-ncnn.obj 中)
ncnn.lib(roipooling.obj) : error LNK2038: 检测到“RuntimeLibrary”的不匹配项: 值“MD_DynamicRelease”不匹配值“MDd_DynamicDebug”(AutoAim-ncnn.obj 中)
ncnn.lib(scale.obj) : error LNK2038: 检测到“RuntimeLibrary”的不匹配项: 值“MD_DynamicRelease”不匹配值“MDd_DynamicDebug”(AutoAim-ncnn.obj 中)
ncnn.lib(scale_vulkan.obj) : error LNK2038: 检测到“RuntimeLibrary”的不匹配项: 值“MD_DynamicRelease”不匹配值“MDd_DynamicDebug”(AutoAim-ncnn.obj 中)
ncnn.lib(scale_x86.obj) : error LNK2038: 检测到“RuntimeLibrary”的不匹配项: 值“MD_DynamicRelease”不匹配值“MDd_DynamicDebug”(AutoAim-ncnn.obj 中)
ncnn.lib(scale_x86_avx512.obj) : error LNK2038: 检测到“RuntimeLibrary”的不匹配项: 值“MD_DynamicRelease”不匹配值“MDd_DynamicDebug”(AutoAim-ncnn.obj 中)
ncnn.lib(scale_x86_fma.obj) : error LNK2038: 检测到“RuntimeLibrary”的不匹配项: 值“MD_DynamicRelease”不匹配值“MDd_DynamicDebug”(AutoAim-ncnn.obj 中)
ncnn.lib(scale_x86_avx.obj) : error LNK2038: 检测到“RuntimeLibrary”的不匹配项: 值“MD_DynamicRelease”不匹配值“MDd_DynamicDebug”(AutoAim-ncnn.obj 中)
ncnn.lib(sigmoid.obj) : error LNK2038: 检测到“RuntimeLibrary”的不匹配项: 值“MD_DynamicRelease”不匹配值“MDd_DynamicDebug”(AutoAim-ncnn.obj 中)
ncnn.lib(sigmoid_vulkan.obj) : error LNK2038: 检测到“RuntimeLibrary”的不匹配项: 值“MD_DynamicRelease”不匹配值“MDd_DynamicDebug”(AutoAim-ncnn.obj 中)
ncnn.lib(sigmoid_x86.obj) : error LNK2038: 检测到“RuntimeLibrary”的不匹配项: 值“MD_DynamicRelease”不匹配值“MDd_DynamicDebug”(AutoAim-ncnn.obj 中)
ncnn.lib(sigmoid_x86_avx512.obj) : error LNK2038: 检测到“RuntimeLibrary”的不匹配项: 值“MD_DynamicRelease”不匹配值“MDd_DynamicDebug”(AutoAim-ncnn.obj 中)
ncnn.lib(sigmoid_x86_fma.obj) : error LNK2038: 检测到“RuntimeLibrary”的不匹配项: 值“MD_DynamicRelease”不匹配值“MDd_DynamicDebug”(AutoAim-ncnn.obj 中)
ncnn.lib(sigmoid_x86_avx.obj) : error LNK2038: 检测到“RuntimeLibrary”的不匹配项: 值“MD_DynamicRelease”不匹配值“MDd_DynamicDebug”(AutoAim-ncnn.obj 中)
ncnn.lib(slice.obj) : error LNK2038: 检测到“RuntimeLibrary”的不匹配项: 值“MD_DynamicRelease”不匹配值“MDd_DynamicDebug”(AutoAim-ncnn.obj 中)
ncnn.lib(slice_vulkan.obj) : error LNK2038: 检测到“RuntimeLibrary”的不匹配项: 值“MD_DynamicRelease”不匹配值“MDd_DynamicDebug”(AutoAim-ncnn.obj 中)
ncnn.lib(slice_x86.obj) : error LNK2038: 检测到“RuntimeLibrary”的不匹配项: 值“MD_DynamicRelease”不匹配值“MDd_DynamicDebug”(AutoAim-ncnn.obj 中)
ncnn.lib(slice_x86_avx512.obj) : error LNK2038: 检测到“RuntimeLibrary”的不匹配项: 值“MD_DynamicRelease”不匹配值“MDd_DynamicDebug”(AutoAim-ncnn.obj 中)
ncnn.lib(slice_x86_fma.obj) : error LNK2038: 检测到“RuntimeLibrary”的不匹配项: 值“MD_DynamicRelease”不匹配值“MDd_DynamicDebug”(AutoAim-ncnn.obj 中)
ncnn.lib(slice_x86_avx.obj) : error LNK2038: 检测到“RuntimeLibrary”的不匹配项: 值“MD_DynamicRelease”不匹配值“MDd_DynamicDebug”(AutoAim-ncnn.obj 中)
ncnn.lib(softmax.obj) : error LNK2038: 检测到“RuntimeLibrary”的不匹配项: 值“MD_DynamicRelease”不匹配值“MDd_DynamicDebug”(AutoAim-ncnn.obj 中)
ncnn.lib(softmax_vulkan.obj) : error LNK2038: 检测到“RuntimeLibrary”的不匹配项: 值“MD_DynamicRelease”不匹配值“MDd_DynamicDebug”(AutoAim-ncnn.obj 中)
ncnn.lib(softmax_x86.obj) : error LNK2038: 检测到“RuntimeLibrary”的不匹配项: 值“MD_DynamicRelease”不匹配值“MDd_DynamicDebug”(AutoAim-ncnn.obj 中)
ncnn.lib(softmax_x86_avx512.obj) : error LNK2038: 检测到“RuntimeLibrary”的不匹配项: 值“MD_DynamicRelease”不匹配值“MDd_DynamicDebug”(AutoAim-ncnn.obj 中)
ncnn.lib(softmax_x86_fma.obj) : error LNK2038: 检测到“RuntimeLibrary”的不匹配项: 值“MD_DynamicRelease”不匹配值“MDd_DynamicDebug”(AutoAim-ncnn.obj 中)
ncnn.lib(softmax_x86_avx.obj) : error LNK2038: 检测到“RuntimeLibrary”的不匹配项: 值“MD_DynamicRelease”不匹配值“MDd_DynamicDebug”(AutoAim-ncnn.obj 中)
ncnn.lib(split.obj) : error LNK2038: 检测到“RuntimeLibrary”的不匹配项: 值“MD_DynamicRelease”不匹配值“MDd_DynamicDebug”(AutoAim-ncnn.obj 中)
ncnn.lib(tanh.obj) : error LNK2038: 检测到“RuntimeLibrary”的不匹配项: 值“MD_DynamicRelease”不匹配值“MDd_DynamicDebug”(AutoAim-ncnn.obj 中)
ncnn.lib(tanh_vulkan.obj) : error LNK2038: 检测到“RuntimeLibrary”的不匹配项: 值“MD_DynamicRelease”不匹配值“MDd_DynamicDebug”(AutoAim-ncnn.obj 中)
ncnn.lib(tanh_x86.obj) : error LNK2038: 检测到“RuntimeLibrary”的不匹配项: 值“MD_DynamicRelease”不匹配值“MDd_DynamicDebug”(AutoAim-ncnn.obj 中)
ncnn.lib(tanh_x86_avx512.obj) : error LNK2038: 检测到“RuntimeLibrary”的不匹配项: 值“MD_DynamicRelease”不匹配值“MDd_DynamicDebug”(AutoAim-ncnn.obj 中)
ncnn.lib(tanh_x86_fma.obj) : error LNK2038: 检测到“RuntimeLibrary”的不匹配项: 值“MD_DynamicRelease”不匹配值“MDd_DynamicDebug”(AutoAim-ncnn.obj 中)
ncnn.lib(tanh_x86_avx.obj) : error LNK2038: 检测到“RuntimeLibrary”的不匹配项: 值“MD_DynamicRelease”不匹配值“MDd_DynamicDebug”(AutoAim-ncnn.obj 中)
ncnn.lib(threshold.obj) : error LNK2038: 检测到“RuntimeLibrary”的不匹配项: 值“MD_DynamicRelease”不匹配值“MDd_DynamicDebug”(AutoAim-ncnn.obj 中)
ncnn.lib(tile.obj) : error LNK2038: 检测到“RuntimeLibrary”的不匹配项: 值“MD_DynamicRelease”不匹配值“MDd_DynamicDebug”(AutoAim-ncnn.obj 中)
ncnn.lib(rnn.obj) : error LNK2038: 检测到“RuntimeLibrary”的不匹配项: 值“MD_DynamicRelease”不匹配值“MDd_DynamicDebug”(AutoAim-ncnn.obj 中)
ncnn.lib(lstm.obj) : error LNK2038: 检测到“RuntimeLibrary”的不匹配项: 值“MD_DynamicRelease”不匹配值“MDd_DynamicDebug”(AutoAim-ncnn.obj 中)
ncnn.lib(lstm_x86.obj) : error LNK2038: 检测到“RuntimeLibrary”的不匹配项: 值“MD_DynamicRelease”不匹配值“MDd_DynamicDebug”(AutoAim-ncnn.obj 中)
ncnn.lib(lstm_x86_avx512.obj) : error LNK2038: 检测到“RuntimeLibrary”的不匹配项: 值“MD_DynamicRelease”不匹配值“MDd_DynamicDebug”(AutoAim-ncnn.obj 中)
ncnn.lib(lstm_x86_fma.obj) : error LNK2038: 检测到“RuntimeLibrary”的不匹配项: 值“MD_DynamicRelease”不匹配值“MDd_DynamicDebug”(AutoAim-ncnn.obj 中)
ncnn.lib(lstm_x86_avx.obj) : error LNK2038: 检测到“RuntimeLibrary”的不匹配项: 值“MD_DynamicRelease”不匹配值“MDd_DynamicDebug”(AutoAim-ncnn.obj 中)
ncnn.lib(binaryop.obj) : error LNK2038: 检测到“RuntimeLibrary”的不匹配项: 值“MD_DynamicRelease”不匹配值“MDd_DynamicDebug”(AutoAim-ncnn.obj 中)
ncnn.lib(binaryop_vulkan.obj) : error LNK2038: 检测到“RuntimeLibrary”的不匹配项: 值“MD_DynamicRelease”不匹配值“MDd_DynamicDebug”(AutoAim-ncnn.obj 中)
ncnn.lib(binaryop_x86.obj) : error LNK2038: 检测到“RuntimeLibrary”的不匹配项: 值“MD_DynamicRelease”不匹配值“MDd_DynamicDebug”(AutoAim-ncnn.obj 中)
ncnn.lib(binaryop_x86_avx512.obj) : error LNK2038: 检测到“RuntimeLibrary”的不匹配项: 值“MD_DynamicRelease”不匹配值“MDd_DynamicDebug”(AutoAim-ncnn.obj 中)
ncnn.lib(binaryop_x86_fma.obj) : error LNK2038: 检测到“RuntimeLibrary”的不匹配项: 值“MD_DynamicRelease”不匹配值“MDd_DynamicDebug”(AutoAim-ncnn.obj 中)
ncnn.lib(binaryop_x86_avx.obj) : error LNK2038: 检测到“RuntimeLibrary”的不匹配项: 值“MD_DynamicRelease”不匹配值“MDd_DynamicDebug”(AutoAim-ncnn.obj 中)
ncnn.lib(unaryop.obj) : error LNK2038: 检测到“RuntimeLibrary”的不匹配项: 值“MD_DynamicRelease”不匹配值“MDd_DynamicDebug”(AutoAim-ncnn.obj 中)
ncnn.lib(unaryop_vulkan.obj) : error LNK2038: 检测到“RuntimeLibrary”的不匹配项: 值“MD_DynamicRelease”不匹配值“MDd_DynamicDebug”(AutoAim-ncnn.obj 中)
ncnn.lib(unaryop_x86.obj) : error LNK2038: 检测到“RuntimeLibrary”的不匹配项: 值“MD_DynamicRelease”不匹配值“MDd_DynamicDebug”(AutoAim-ncnn.obj 中)
ncnn.lib(unaryop_x86_avx512.obj) : error LNK2038: 检测到“RuntimeLibrary”的不匹配项: 值“MD_DynamicRelease”不匹配值“MDd_DynamicDebug”(AutoAim-ncnn.obj 中)
ncnn.lib(unaryop_x86_fma.obj) : error LNK2038: 检测到“RuntimeLibrary”的不匹配项: 值“MD_DynamicRelease”不匹配值“MDd_DynamicDebug”(AutoAim-ncnn.obj 中)
ncnn.lib(unaryop_x86_avx.obj) : error LNK2038: 检测到“RuntimeLibrary”的不匹配项: 值“MD_DynamicRelease”不匹配值“MDd_DynamicDebug”(AutoAim-ncnn.obj 中)
ncnn.lib(convolutiondepthwise.obj) : error LNK2038: 检测到“RuntimeLibrary”的不匹配项: 值“MD_DynamicRelease”不匹配值“MDd_DynamicDebug”(AutoAim-ncnn.obj 中)
ncnn.lib(convolutiondepthwise_vulkan.obj) : error LNK2038: 检测到“RuntimeLibrary”的不匹配项: 值“MD_DynamicRelease”不匹配值“MDd_DynamicDebug”(AutoAim-ncnn.obj 中)
ncnn.lib(convolutiondepthwise_x86.obj) : error LNK2038: 检测到“RuntimeLibrary”的不匹配项: 值“MD_DynamicRelease”不匹配值“MDd_DynamicDebug”(AutoAim-ncnn.obj 中)
ncnn.lib(convolutiondepthwise_x86_avx512.obj) : error LNK2038: 检测到“RuntimeLibrary”的不匹配项: 值“MD_DynamicRelease”不匹配值“MDd_DynamicDebug”(AutoAim-ncnn.obj 中)
ncnn.lib(convolutiondepthwise_x86_fma.obj) : error LNK2038: 检测到“RuntimeLibrary”的不匹配项: 值“MD_DynamicRelease”不匹配值“MDd_DynamicDebug”(AutoAim-ncnn.obj 中)
ncnn.lib(convolutiondepthwise_x86_avx.obj) : error LNK2038: 检测到“RuntimeLibrary”的不匹配项: 值“MD_DynamicRelease”不匹配值“MDd_DynamicDebug”(AutoAim-ncnn.obj 中)
ncnn.lib(padding.obj) : error LNK2038: 检测到“RuntimeLibrary”的不匹配项: 值“MD_DynamicRelease”不匹配值“MDd_DynamicDebug”(AutoAim-ncnn.obj 中)
ncnn.lib(padding_vulkan.obj) : error LNK2038: 检测到“RuntimeLibrary”的不匹配项: 值“MD_DynamicRelease”不匹配值“MDd_DynamicDebug”(AutoAim-ncnn.obj 中)
ncnn.lib(padding_x86.obj) : error LNK2038: 检测到“RuntimeLibrary”的不匹配项: 值“MD_DynamicRelease”不匹配值“MDd_DynamicDebug”(AutoAim-ncnn.obj 中)
ncnn.lib(padding_x86_avx512.obj) : error LNK2038: 检测到“RuntimeLibrary”的不匹配项: 值“MD_DynamicRelease”不匹配值“MDd_DynamicDebug”(AutoAim-ncnn.obj 中)
ncnn.lib(padding_x86_fma.obj) : error LNK2038: 检测到“RuntimeLibrary”的不匹配项: 值“MD_DynamicRelease”不匹配值“MDd_DynamicDebug”(AutoAim-ncnn.obj 中)
ncnn.lib(padding_x86_avx.obj) : error LNK2038: 检测到“RuntimeLibrary”的不匹配项: 值“MD_DynamicRelease”不匹配值“MDd_DynamicDebug”(AutoAim-ncnn.obj 中)
ncnn.lib(squeeze.obj) : error LNK2038: 检测到“RuntimeLibrary”的不匹配项: 值“MD_DynamicRelease”不匹配值“MDd_DynamicDebug”(AutoAim-ncnn.obj 中)
ncnn.lib(expanddims.obj) : error LNK2038: 检测到“RuntimeLibrary”的不匹配项: 值“MD_DynamicRelease”不匹配值“MDd_DynamicDebug”(AutoAim-ncnn.obj 中)
ncnn.lib(normalize.obj) : error LNK2038: 检测到“RuntimeLibrary”的不匹配项: 值“MD_DynamicRelease”不匹配值“MDd_DynamicDebug”(AutoAim-ncnn.obj 中)
ncnn.lib(normalize_vulkan.obj) : error LNK2038: 检测到“RuntimeLibrary”的不匹配项: 值“MD_DynamicRelease”不匹配值“MDd_DynamicDebug”(AutoAim-ncnn.obj 中)
ncnn.lib(permute.obj) : error LNK2038: 检测到“RuntimeLibrary”的不匹配项: 值“MD_DynamicRelease”不匹配值“MDd_DynamicDebug”(AutoAim-ncnn.obj 中)
ncnn.lib(permute_vulkan.obj) : error LNK2038: 检测到“RuntimeLibrary”的不匹配项: 值“MD_DynamicRelease”不匹配值“MDd_DynamicDebug”(AutoAim-ncnn.obj 中)
ncnn.lib(priorbox.obj) : error LNK2038: 检测到“RuntimeLibrary”的不匹配项: 值“MD_DynamicRelease”不匹配值“MDd_DynamicDebug”(AutoAim-ncnn.obj 中)
ncnn.lib(priorbox_vulkan.obj) : error LNK2038: 检测到“RuntimeLibrary”的不匹配项: 值“MD_DynamicRelease”不匹配值“MDd_DynamicDebug”(AutoAim-ncnn.obj 中)
ncnn.lib(detectionoutput.obj) : error LNK2038: 检测到“RuntimeLibrary”的不匹配项: 值“MD_DynamicRelease”不匹配值“MDd_DynamicDebug”(AutoAim-ncnn.obj 中)
ncnn.lib(interp.obj) : error LNK2038: 检测到“RuntimeLibrary”的不匹配项: 值“MD_DynamicRelease”不匹配值“MDd_DynamicDebug”(AutoAim-ncnn.obj 中)
ncnn.lib(interp_vulkan.obj) : error LNK2038: 检测到“RuntimeLibrary”的不匹配项: 值“MD_DynamicRelease”不匹配值“MDd_DynamicDebug”(AutoAim-ncnn.obj 中)
ncnn.lib(interp_x86.obj) : error LNK2038: 检测到“RuntimeLibrary”的不匹配项: 值“MD_DynamicRelease”不匹配值“MDd_DynamicDebug”(AutoAim-ncnn.obj 中)
ncnn.lib(interp_x86_avx512.obj) : error LNK2038: 检测到“RuntimeLibrary”的不匹配项: 值“MD_DynamicRelease”不匹配值“MDd_DynamicDebug”(AutoAim-ncnn.obj 中)
ncnn.lib(interp_x86_fma.obj) : error LNK2038: 检测到“RuntimeLibrary”的不匹配项: 值“MD_DynamicRelease”不匹配值“MDd_DynamicDebug”(AutoAim-ncnn.obj 中)
ncnn.lib(interp_x86_avx.obj) : error LNK2038: 检测到“RuntimeLibrary”的不匹配项: 值“MD_DynamicRelease”不匹配值“MDd_DynamicDebug”(AutoAim-ncnn.obj 中)
ncnn.lib(deconvolutiondepthwise.obj) : error LNK2038: 检测到“RuntimeLibrary”的不匹配项: 值“MD_DynamicRelease”不匹配值“MDd_DynamicDebug”(AutoAim-ncnn.obj 中)
ncnn.lib(deconvolutiondepthwise_vulkan.obj) : error LNK2038: 检测到“RuntimeLibrary”的不匹配项: 值“MD_DynamicRelease”不匹配值“MDd_DynamicDebug”(AutoAim-ncnn.obj 中)
ncnn.lib(deconvolutiondepthwise_x86.obj) : error LNK2038: 检测到“RuntimeLibrary”的不匹配项: 值“MD_DynamicRelease”不匹配值“MDd_DynamicDebug”(AutoAim-ncnn.obj 中)
ncnn.lib(deconvolutiondepthwise_x86_avx512.obj) : error LNK2038: 检测到“RuntimeLibrary”的不匹配项: 值“MD_DynamicRelease”不匹配值“MDd_DynamicDebug”(AutoAim-ncnn.obj 中)
ncnn.lib(deconvolutiondepthwise_x86_fma.obj) : error LNK2038: 检测到“RuntimeLibrary”的不匹配项: 值“MD_DynamicRelease”不匹配值“MDd_DynamicDebug”(AutoAim-ncnn.obj 中)
ncnn.lib(deconvolutiondepthwise_x86_avx.obj) : error LNK2038: 检测到“RuntimeLibrary”的不匹配项: 值“MD_DynamicRelease”不匹配值“MDd_DynamicDebug”(AutoAim-ncnn.obj 中)
ncnn.lib(shufflechannel.obj) : error LNK2038: 检测到“RuntimeLibrary”的不匹配项: 值“MD_DynamicRelease”不匹配值“MDd_DynamicDebug”(AutoAim-ncnn.obj 中)
ncnn.lib(shufflechannel_vulkan.obj) : error LNK2038: 检测到“RuntimeLibrary”的不匹配项: 值“MD_DynamicRelease”不匹配值“MDd_DynamicDebug”(AutoAim-ncnn.obj 中)
ncnn.lib(instancenorm.obj) : error LNK2038: 检测到“RuntimeLibrary”的不匹配项: 值“MD_DynamicRelease”不匹配值“MDd_DynamicDebug”(AutoAim-ncnn.obj 中)
ncnn.lib(instancenorm_vulkan.obj) : error LNK2038: 检测到“RuntimeLibrary”的不匹配项: 值“MD_DynamicRelease”不匹配值“MDd_DynamicDebug”(AutoAim-ncnn.obj 中)
ncnn.lib(clip.obj) : error LNK2038: 检测到“RuntimeLibrary”的不匹配项: 值“MD_DynamicRelease”不匹配值“MDd_DynamicDebug”(AutoAim-ncnn.obj 中)
ncnn.lib(clip_vulkan.obj) : error LNK2038: 检测到“RuntimeLibrary”的不匹配项: 值“MD_DynamicRelease”不匹配值“MDd_DynamicDebug”(AutoAim-ncnn.obj 中)
ncnn.lib(clip_x86.obj) : error LNK2038: 检测到“RuntimeLibrary”的不匹配项: 值“MD_DynamicRelease”不匹配值“MDd_DynamicDebug”(AutoAim-ncnn.obj 中)
ncnn.lib(clip_x86_avx512.obj) : error LNK2038: 检测到“RuntimeLibrary”的不匹配项: 值“MD_DynamicRelease”不匹配值“MDd_DynamicDebug”(AutoAim-ncnn.obj 中)
ncnn.lib(clip_x86_fma.obj) : error LNK2038: 检测到“RuntimeLibrary”的不匹配项: 值“MD_DynamicRelease”不匹配值“MDd_DynamicDebug”(AutoAim-ncnn.obj 中)
ncnn.lib(clip_x86_avx.obj) : error LNK2038: 检测到“RuntimeLibrary”的不匹配项: 值“MD_DynamicRelease”不匹配值“MDd_DynamicDebug”(AutoAim-ncnn.obj 中)
ncnn.lib(reorg.obj) : error LNK2038: 检测到“RuntimeLibrary”的不匹配项: 值“MD_DynamicRelease”不匹配值“MDd_DynamicDebug”(AutoAim-ncnn.obj 中)
ncnn.lib(reorg_vulkan.obj) : error LNK2038: 检测到“RuntimeLibrary”的不匹配项: 值“MD_DynamicRelease”不匹配值“MDd_DynamicDebug”(AutoAim-ncnn.obj 中)
ncnn.lib(yolodetectionoutput.obj) : error LNK2038: 检测到“RuntimeLibrary”的不匹配项: 值“MD_DynamicRelease”不匹配值“MDd_DynamicDebug”(AutoAim-ncnn.obj 中)
ncnn.lib(quantize.obj) : error LNK2038: 检测到“RuntimeLibrary”的不匹配项: 值“MD_DynamicRelease”不匹配值“MDd_DynamicDebug”(AutoAim-ncnn.obj 中)
ncnn.lib(quantize_x86.obj) : error LNK2038: 检测到“RuntimeLibrary”的不匹配项: 值“MD_DynamicRelease”不匹配值“MDd_DynamicDebug”(AutoAim-ncnn.obj 中)
ncnn.lib(quantize_x86_avx512.obj) : error LNK2038: 检测到“RuntimeLibrary”的不匹配项: 值“MD_DynamicRelease”不匹配值“MDd_DynamicDebug”(AutoAim-ncnn.obj 中)
ncnn.lib(quantize_x86_fma.obj) : error LNK2038: 检测到“RuntimeLibrary”的不匹配项: 值“MD_DynamicRelease”不匹配值“MDd_DynamicDebug”(AutoAim-ncnn.obj 中)
ncnn.lib(quantize_x86_avx.obj) : error LNK2038: 检测到“RuntimeLibrary”的不匹配项: 值“MD_DynamicRelease”不匹配值“MDd_DynamicDebug”(AutoAim-ncnn.obj 中)
ncnn.lib(dequantize.obj) : error LNK2038: 检测到“RuntimeLibrary”的不匹配项: 值“MD_DynamicRelease”不匹配值“MDd_DynamicDebug”(AutoAim-ncnn.obj 中)
ncnn.lib(dequantize_x86.obj) : error LNK2038: 检测到“RuntimeLibrary”的不匹配项: 值“MD_DynamicRelease”不匹配值“MDd_DynamicDebug”(AutoAim-ncnn.obj 中)
ncnn.lib(dequantize_x86_avx512.obj) : error LNK2038: 检测到“RuntimeLibrary”的不匹配项: 值“MD_DynamicRelease”不匹配值“MDd_DynamicDebug”(AutoAim-ncnn.obj 中)
ncnn.lib(dequantize_x86_fma.obj) : error LNK2038: 检测到“RuntimeLibrary”的不匹配项: 值“MD_DynamicRelease”不匹配值“MDd_DynamicDebug”(AutoAim-ncnn.obj 中)
ncnn.lib(dequantize_x86_avx.obj) : error LNK2038: 检测到“RuntimeLibrary”的不匹配项: 值“MD_DynamicRelease”不匹配值“MDd_DynamicDebug”(AutoAim-ncnn.obj 中)
ncnn.lib(yolov3detectionoutput.obj) : error LNK2038: 检测到“RuntimeLibrary”的不匹配项: 值“MD_DynamicRelease”不匹配值“MDd_DynamicDebug”(AutoAim-ncnn.obj 中)
ncnn.lib(yolov3detectionoutput_x86.obj) : error LNK2038: 检测到“RuntimeLibrary”的不匹配项: 值“MD_DynamicRelease”不匹配值“MDd_DynamicDebug”(AutoAim-ncnn.obj 中)
ncnn.lib(yolov3detectionoutput_x86_avx512.obj) : error LNK2038: 检测到“RuntimeLibrary”的不匹配项: 值“MD_DynamicRelease”不匹配值“MDd_DynamicDebug”(AutoAim-ncnn.obj 中)
ncnn.lib(yolov3detectionoutput_x86_fma.obj) : error LNK2038: 检测到“RuntimeLibrary”的不匹配项: 值“MD_DynamicRelease”不匹配值“MDd_DynamicDebug”(AutoAim-ncnn.obj 中)
ncnn.lib(yolov3detectionoutput_x86_avx.obj) : error LNK2038: 检测到“RuntimeLibrary”的不匹配项: 值“MD_DynamicRelease”不匹配值“MDd_DynamicDebug”(AutoAim-ncnn.obj 中)
ncnn.lib(psroipooling.obj) : error LNK2038: 检测到“RuntimeLibrary”的不匹配项: 值“MD_DynamicRelease”不匹配值“MDd_DynamicDebug”(AutoAim-ncnn.obj 中)
ncnn.lib(roialign.obj) : error LNK2038: 检测到“RuntimeLibrary”的不匹配项: 值“MD_DynamicRelease”不匹配值“MDd_DynamicDebug”(AutoAim-ncnn.obj 中)
ncnn.lib(roialign_x86.obj) : error LNK2038: 检测到“RuntimeLibrary”的不匹配项: 值“MD_DynamicRelease”不匹配值“MDd_DynamicDebug”(AutoAim-ncnn.obj 中)
ncnn.lib(roialign_x86_avx512.obj) : error LNK2038: 检测到“RuntimeLibrary”的不匹配项: 值“MD_DynamicRelease”不匹配值“MDd_DynamicDebug”(AutoAim-ncnn.obj 中)
ncnn.lib(roialign_x86_fma.obj) : error LNK2038: 检测到“RuntimeLibrary”的不匹配项: 值“MD_DynamicRelease”不匹配值“MDd_DynamicDebug”(AutoAim-ncnn.obj 中)
ncnn.lib(roialign_x86_avx.obj) : error LNK2038: 检测到“RuntimeLibrary”的不匹配项: 值“MD_DynamicRelease”不匹配值“MDd_DynamicDebug”(AutoAim-ncnn.obj 中)
ncnn.lib(packing.obj) : error LNK2038: 检测到“RuntimeLibrary”的不匹配项: 值“MD_DynamicRelease”不匹配值“MDd_DynamicDebug”(AutoAim-ncnn.obj 中)
ncnn.lib(packing_vulkan.obj) : error LNK2038: 检测到“RuntimeLibrary”的不匹配项: 值“MD_DynamicRelease”不匹配值“MDd_DynamicDebug”(AutoAim-ncnn.obj 中)
ncnn.lib(packing_x86.obj) : error LNK2038: 检测到“RuntimeLibrary”的不匹配项: 值“MD_DynamicRelease”不匹配值“MDd_DynamicDebug”(AutoAim-ncnn.obj 中)
ncnn.lib(packing_x86_avx512.obj) : error LNK2038: 检测到“RuntimeLibrary”的不匹配项: 值“MD_DynamicRelease”不匹配值“MDd_DynamicDebug”(AutoAim-ncnn.obj 中)
ncnn.lib(packing_x86_fma.obj) : error LNK2038: 检测到“RuntimeLibrary”的不匹配项: 值“MD_DynamicRelease”不匹配值“MDd_DynamicDebug”(AutoAim-ncnn.obj 中)
ncnn.lib(packing_x86_avx.obj) : error LNK2038: 检测到“RuntimeLibrary”的不匹配项: 值“MD_DynamicRelease”不匹配值“MDd_DynamicDebug”(AutoAim-ncnn.obj 中)
ncnn.lib(requantize.obj) : error LNK2038: 检测到“RuntimeLibrary”的不匹配项: 值“MD_DynamicRelease”不匹配值“MDd_DynamicDebug”(AutoAim-ncnn.obj 中)
ncnn.lib(requantize_x86.obj) : error LNK2038: 检测到“RuntimeLibrary”的不匹配项: 值“MD_DynamicRelease”不匹配值“MDd_DynamicDebug”(AutoAim-ncnn.obj 中)
ncnn.lib(requantize_x86_avx512.obj) : error LNK2038: 检测到“RuntimeLibrary”的不匹配项: 值“MD_DynamicRelease”不匹配值“MDd_DynamicDebug”(AutoAim-ncnn.obj 中)
ncnn.lib(requantize_x86_fma.obj) : error LNK2038: 检测到“RuntimeLibrary”的不匹配项: 值“MD_DynamicRelease”不匹配值“MDd_DynamicDebug”(AutoAim-ncnn.obj 中)
ncnn.lib(requantize_x86_avx.obj) : error LNK2038: 检测到“RuntimeLibrary”的不匹配项: 值“MD_DynamicRelease”不匹配值“MDd_DynamicDebug”(AutoAim-ncnn.obj 中)
ncnn.lib(cast.obj) : error LNK2038: 检测到“RuntimeLibrary”的不匹配项: 值“MD_DynamicRelease”不匹配值“MDd_DynamicDebug”(AutoAim-ncnn.obj 中)
ncnn.lib(cast_vulkan.obj) : error LNK2038: 检测到“RuntimeLibrary”的不匹配项: 值“MD_DynamicRelease”不匹配值“MDd_DynamicDebug”(AutoAim-ncnn.obj 中)
ncnn.lib(cast_x86.obj) : error LNK2038: 检测到“RuntimeLibrary”的不匹配项: 值“MD_DynamicRelease”不匹配值“MDd_DynamicDebug”(AutoAim-ncnn.obj 中)
ncnn.lib(cast_x86_avx512.obj) : error LNK2038: 检测到“RuntimeLibrary”的不匹配项: 值“MD_DynamicRelease”不匹配值“MDd_DynamicDebug”(AutoAim-ncnn.obj 中)
ncnn.lib(cast_x86_fma.obj) : error LNK2038: 检测到“RuntimeLibrary”的不匹配项: 值“MD_DynamicRelease”不匹配值“MDd_DynamicDebug”(AutoAim-ncnn.obj 中)
ncnn.lib(cast_x86_avx.obj) : error LNK2038: 检测到“RuntimeLibrary”的不匹配项: 值“MD_DynamicRelease”不匹配值“MDd_DynamicDebug”(AutoAim-ncnn.obj 中)
ncnn.lib(hardsigmoid.obj) : error LNK2038: 检测到“RuntimeLibrary”的不匹配项: 值“MD_DynamicRelease”不匹配值“MDd_DynamicDebug”(AutoAim-ncnn.obj 中)
ncnn.lib(hardsigmoid_vulkan.obj) : error LNK2038: 检测到“RuntimeLibrary”的不匹配项: 值“MD_DynamicRelease”不匹配值“MDd_DynamicDebug”(AutoAim-ncnn.obj 中)
ncnn.lib(hardsigmoid_x86.obj) : error LNK2038: 检测到“RuntimeLibrary”的不匹配项: 值“MD_DynamicRelease”不匹配值“MDd_DynamicDebug”(AutoAim-ncnn.obj 中)
ncnn.lib(hardsigmoid_x86_avx512.obj) : error LNK2038: 检测到“RuntimeLibrary”的不匹配项: 值“MD_DynamicRelease”不匹配值“MDd_DynamicDebug”(AutoAim-ncnn.obj 中)
ncnn.lib(hardsigmoid_x86_fma.obj) : error LNK2038: 检测到“RuntimeLibrary”的不匹配项: 值“MD_DynamicRelease”不匹配值“MDd_DynamicDebug”(AutoAim-ncnn.obj 中)
ncnn.lib(hardsigmoid_x86_avx.obj) : error LNK2038: 检测到“RuntimeLibrary”的不匹配项: 值“MD_DynamicRelease”不匹配值“MDd_DynamicDebug”(AutoAim-ncnn.obj 中)
ncnn.lib(selu.obj) : error LNK2038: 检测到“RuntimeLibrary”的不匹配项: 值“MD_DynamicRelease”不匹配值“MDd_DynamicDebug”(AutoAim-ncnn.obj 中)
ncnn.lib(hardswish.obj) : error LNK2038: 检测到“RuntimeLibrary”的不匹配项: 值“MD_DynamicRelease”不匹配值“MDd_DynamicDebug”(AutoAim-ncnn.obj 中)
ncnn.lib(hardswish_vulkan.obj) : error LNK2038: 检测到“RuntimeLibrary”的不匹配项: 值“MD_DynamicRelease”不匹配值“MDd_DynamicDebug”(AutoAim-ncnn.obj 中)
ncnn.lib(hardswish_x86.obj) : error LNK2038: 检测到“RuntimeLibrary”的不匹配项: 值“MD_DynamicRelease”不匹配值“MDd_DynamicDebug”(AutoAim-ncnn.obj 中)
ncnn.lib(hardswish_x86_avx512.obj) : error LNK2038: 检测到“RuntimeLibrary”的不匹配项: 值“MD_DynamicRelease”不匹配值“MDd_DynamicDebug”(AutoAim-ncnn.obj 中)
ncnn.lib(hardswish_x86_fma.obj) : error LNK2038: 检测到“RuntimeLibrary”的不匹配项: 值“MD_DynamicRelease”不匹配值“MDd_DynamicDebug”(AutoAim-ncnn.obj 中)
ncnn.lib(hardswish_x86_avx.obj) : error LNK2038: 检测到“RuntimeLibrary”的不匹配项: 值“MD_DynamicRelease”不匹配值“MDd_DynamicDebug”(AutoAim-ncnn.obj 中)
ncnn.lib(noop.obj) : error LNK2038: 检测到“RuntimeLibrary”的不匹配项: 值“MD_DynamicRelease”不匹配值“MDd_DynamicDebug”(AutoAim-ncnn.obj 中)
ncnn.lib(pixelshuffle.obj) : error LNK2038: 检测到“RuntimeLibrary”的不匹配项: 值“MD_DynamicRelease”不匹配值“MDd_DynamicDebug”(AutoAim-ncnn.obj 中)
ncnn.lib(pixelshuffle_vulkan.obj) : error LNK2038: 检测到“RuntimeLibrary”的不匹配项: 值“MD_DynamicRelease”不匹配值“MDd_DynamicDebug”(AutoAim-ncnn.obj 中)
ncnn.lib(deepcopy.obj) : error LNK2038: 检测到“RuntimeLibrary”的不匹配项: 值“MD_DynamicRelease”不匹配值“MDd_DynamicDebug”(AutoAim-ncnn.obj 中)
ncnn.lib(deepcopy_vulkan.obj) : error LNK2038: 检测到“RuntimeLibrary”的不匹配项: 值“MD_DynamicRelease”不匹配值“MDd_DynamicDebug”(AutoAim-ncnn.obj 中)
ncnn.lib(mish.obj) : error LNK2038: 检测到“RuntimeLibrary”的不匹配项: 值“MD_DynamicRelease”不匹配值“MDd_DynamicDebug”(AutoAim-ncnn.obj 中)
ncnn.lib(mish_vulkan.obj) : error LNK2038: 检测到“RuntimeLibrary”的不匹配项: 值“MD_DynamicRelease”不匹配值“MDd_DynamicDebug”(AutoAim-ncnn.obj 中)
ncnn.lib(mish_x86.obj) : error LNK2038: 检测到“RuntimeLibrary”的不匹配项: 值“MD_DynamicRelease”不匹配值“MDd_DynamicDebug”(AutoAim-ncnn.obj 中)
ncnn.lib(mish_x86_avx512.obj) : error LNK2038: 检测到“RuntimeLibrary”的不匹配项: 值“MD_DynamicRelease”不匹配值“MDd_DynamicDebug”(AutoAim-ncnn.obj 中)
ncnn.lib(mish_x86_fma.obj) : error LNK2038: 检测到“RuntimeLibrary”的不匹配项: 值“MD_DynamicRelease”不匹配值“MDd_DynamicDebug”(AutoAim-ncnn.obj 中)
ncnn.lib(mish_x86_avx.obj) : error LNK2038: 检测到“RuntimeLibrary”的不匹配项: 值“MD_DynamicRelease”不匹配值“MDd_DynamicDebug”(AutoAim-ncnn.obj 中)
ncnn.lib(statisticspooling.obj) : error LNK2038: 检测到“RuntimeLibrary”的不匹配项: 值“MD_DynamicRelease”不匹配值“MDd_DynamicDebug”(AutoAim-ncnn.obj 中)
ncnn.lib(swish.obj) : error LNK2038: 检测到“RuntimeLibrary”的不匹配项: 值“MD_DynamicRelease”不匹配值“MDd_DynamicDebug”(AutoAim-ncnn.obj 中)
ncnn.lib(swish_vulkan.obj) : error LNK2038: 检测到“RuntimeLibrary”的不匹配项: 值“MD_DynamicRelease”不匹配值“MDd_DynamicDebug”(AutoAim-ncnn.obj 中)
ncnn.lib(swish_x86.obj) : error LNK2038: 检测到“RuntimeLibrary”的不匹配项: 值“MD_DynamicRelease”不匹配值“MDd_DynamicDebug”(AutoAim-ncnn.obj 中)
ncnn.lib(swish_x86_avx512.obj) : error LNK2038: 检测到“RuntimeLibrary”的不匹配项: 值“MD_DynamicRelease”不匹配值“MDd_DynamicDebug”(AutoAim-ncnn.obj 中)
ncnn.lib(swish_x86_fma.obj) : error LNK2038: 检测到“RuntimeLibrary”的不匹配项: 值“MD_DynamicRelease”不匹配值“MDd_DynamicDebug”(AutoAim-ncnn.obj 中)
ncnn.lib(swish_x86_avx.obj) : error LNK2038: 检测到“RuntimeLibrary”的不匹配项: 值“MD_DynamicRelease”不匹配值“MDd_DynamicDebug”(AutoAim-ncnn.obj 中)
ncnn.lib(gemm.obj) : error LNK2038: 检测到“RuntimeLibrary”的不匹配项: 值“MD_DynamicRelease”不匹配值“MDd_DynamicDebug”(AutoAim-ncnn.obj 中)
ncnn.lib(groupnorm.obj) : error LNK2038: 检测到“RuntimeLibrary”的不匹配项: 值“MD_DynamicRelease”不匹配值“MDd_DynamicDebug”(AutoAim-ncnn.obj 中)
ncnn.lib(layernorm.obj) : error LNK2038: 检测到“RuntimeLibrary”的不匹配项: 值“MD_DynamicRelease”不匹配值“MDd_DynamicDebug”(AutoAim-ncnn.obj 中)
ncnn.lib(softplus.obj) : error LNK2038: 检测到“RuntimeLibrary”的不匹配项: 值“MD_DynamicRelease”不匹配值“MDd_DynamicDebug”(AutoAim-ncnn.obj 中)
ncnn.lib(gru.obj) : error LNK2038: 检测到“RuntimeLibrary”的不匹配项: 值“MD_DynamicRelease”不匹配值“MDd_DynamicDebug”(AutoAim-ncnn.obj 中)
ncnn.lib(multiheadattention.obj) : error LNK2038: 检测到“RuntimeLibrary”的不匹配项: 值“MD_DynamicRelease”不匹配值“MDd_DynamicDebug”(AutoAim-ncnn.obj 中)
ncnn.lib(gelu.obj) : error LNK2038: 检测到“RuntimeLibrary”的不匹配项: 值“MD_DynamicRelease”不匹配值“MDd_DynamicDebug”(AutoAim-ncnn.obj 中)
ncnn.lib(convolution1d.obj) : error LNK2038: 检测到“RuntimeLibrary”的不匹配项: 值“MD_DynamicRelease”不匹配值“MDd_DynamicDebug”(AutoAim-ncnn.obj 中)
ncnn.lib(convolution1d_x86.obj) : error LNK2038: 检测到“RuntimeLibrary”的不匹配项: 值“MD_DynamicRelease”不匹配值“MDd_DynamicDebug”(AutoAim-ncnn.obj 中)
ncnn.lib(convolution1d_x86_avx512.obj) : error LNK2038: 检测到“RuntimeLibrary”的不匹配项: 值“MD_DynamicRelease”不匹配值“MDd_DynamicDebug”(AutoAim-ncnn.obj 中)
ncnn.lib(convolution1d_x86_fma.obj) : error LNK2038: 检测到“RuntimeLibrary”的不匹配项: 值“MD_DynamicRelease”不匹配值“MDd_DynamicDebug”(AutoAim-ncnn.obj 中)
ncnn.lib(convolution1d_x86_avx.obj) : error LNK2038: 检测到“RuntimeLibrary”的不匹配项: 值“MD_DynamicRelease”不匹配值“MDd_DynamicDebug”(AutoAim-ncnn.obj 中)
ncnn.lib(pooling1d.obj) : error LNK2038: 检测到“RuntimeLibrary”的不匹配项: 值“MD_DynamicRelease”不匹配值“MDd_DynamicDebug”(AutoAim-ncnn.obj 中)
ncnn.lib(convolutiondepthwise1d.obj) : error LNK2038: 检测到“RuntimeLibrary”的不匹配项: 值“MD_DynamicRelease”不匹配值“MDd_DynamicDebug”(AutoAim-ncnn.obj 中)
ncnn.lib(convolution3d.obj) : error LNK2038: 检测到“RuntimeLibrary”的不匹配项: 值“MD_DynamicRelease”不匹配值“MDd_DynamicDebug”(AutoAim-ncnn.obj 中)
ncnn.lib(convolutiondepthwise3d.obj) : error LNK2038: 检测到“RuntimeLibrary”的不匹配项: 值“MD_DynamicRelease”不匹配值“MDd_DynamicDebug”(AutoAim-ncnn.obj 中)
ncnn.lib(pooling3d.obj) : error LNK2038: 检测到“RuntimeLibrary”的不匹配项: 值“MD_DynamicRelease”不匹配值“MDd_DynamicDebug”(AutoAim-ncnn.obj 中)
ncnn.lib(matmul.obj) : error LNK2038: 检测到“RuntimeLibrary”的不匹配项: 值“MD_DynamicRelease”不匹配值“MDd_DynamicDebug”(AutoAim-ncnn.obj 中)
ncnn.lib(deconvolution1d.obj) : error LNK2038: 检测到“RuntimeLibrary”的不匹配项: 值“MD_DynamicRelease”不匹配值“MDd_DynamicDebug”(AutoAim-ncnn.obj 中)
ncnn.lib(deconvolutiondepthwise1d.obj) : error LNK2038: 检测到“RuntimeLibrary”的不匹配项: 值“MD_DynamicRelease”不匹配值“MDd_DynamicDebug”(AutoAim-ncnn.obj 中)
ncnn.lib(deconvolution3d.obj) : error LNK2038: 检测到“RuntimeLibrary”的不匹配项: 值“MD_DynamicRelease”不匹配值“MDd_DynamicDebug”(AutoAim-ncnn.obj 中)
ncnn.lib(deconvolutiondepthwise3d.obj) : error LNK2038: 检测到“RuntimeLibrary”的不匹配项: 值“MD_DynamicRelease”不匹配值“MDd_DynamicDebug”(AutoAim-ncnn.obj 中)
ncnn.lib(einsum.obj) : error LNK2038: 检测到“RuntimeLibrary”的不匹配项: 值“MD_DynamicRelease”不匹配值“MDd_DynamicDebug”(AutoAim-ncnn.obj 中)
ncnn.lib(deformableconv2d.obj) : error LNK2038: 检测到“RuntimeLibrary”的不匹配项: 值“MD_DynamicRelease”不匹配值“MDd_DynamicDebug”(AutoAim-ncnn.obj 中)
ncnn.lib(deformableconv2d_x86.obj) : error LNK2038: 检测到“RuntimeLibrary”的不匹配项: 值“MD_DynamicRelease”不匹配值“MDd_DynamicDebug”(AutoAim-ncnn.obj 中)
ncnn.lib(deformableconv2d_x86_avx512.obj) : error LNK2038: 检测到“RuntimeLibrary”的不匹配项: 值“MD_DynamicRelease”不匹配值“MDd_DynamicDebug”(AutoAim-ncnn.obj 中)
ncnn.lib(deformableconv2d_x86_fma.obj) : error LNK2038: 检测到“RuntimeLibrary”的不匹配项: 值“MD_DynamicRelease”不匹配值“MDd_DynamicDebug”(AutoAim-ncnn.obj 中)
ncnn.lib(deformableconv2d_x86_avx.obj) : error LNK2038: 检测到“RuntimeLibrary”的不匹配项: 值“MD_DynamicRelease”不匹配值“MDd_DynamicDebug”(AutoAim-ncnn.obj 中)
ncnn.lib(pipeline.obj) : error LNK2038: 检测到“RuntimeLibrary”的不匹配项: 值“MD_DynamicRelease”不匹配值“MDd_DynamicDebug”(AutoAim-ncnn.obj 中)
ncnn.lib(convolution_x86_xop.obj) : error LNK2038: 检测到“RuntimeLibrary”的不匹配项: 值“MD_DynamicRelease”不匹配值“MDd_DynamicDebug”(AutoAim-ncnn.obj 中)
ncnn.lib(convolution_x86_avx2.obj) : error LNK2038: 检测到“RuntimeLibrary”的不匹配项: 值“MD_DynamicRelease”不匹配值“MDd_DynamicDebug”(AutoAim-ncnn.obj 中)
ncnn.lib(innerproduct_x86_f16c.obj) : error LNK2038: 检测到“RuntimeLibrary”的不匹配项: 值“MD_DynamicRelease”不匹配值“MDd_DynamicDebug”(AutoAim-ncnn.obj 中)
ncnn.lib(cast_x86_f16c.obj) : error LNK2038: 检测到“RuntimeLibrary”的不匹配项: 值“MD_DynamicRelease”不匹配值“MDd_DynamicDebug”(AutoAim-ncnn.obj 中)
SPIRV.lib(GlslangToSpv.obj) : error LNK2038: 检测到“RuntimeLibrary”的不匹配项: 值“MD_DynamicRelease”不匹配值“MDd_DynamicDebug”(AutoAim-ncnn.obj 中)
SPIRV.lib(Logger.obj) : error LNK2038: 检测到“RuntimeLibrary”的不匹配项: 值“MD_DynamicRelease”不匹配值“MDd_DynamicDebug”(AutoAim-ncnn.obj 中)
SPIRV.lib(SpvBuilder.obj) : error LNK2038: 检测到“RuntimeLibrary”的不匹配项: 值“MD_DynamicRelease”不匹配值“MDd_DynamicDebug”(AutoAim-ncnn.obj 中)
SPIRV.lib(SpvPostProcess.obj) : error LNK2038: 检测到“RuntimeLibrary”的不匹配项: 值“MD_DynamicRelease”不匹配值“MDd_DynamicDebug”(AutoAim-ncnn.obj 中)
SPIRV.lib(InReadableOrder.obj) : error LNK2038: 检测到“RuntimeLibrary”的不匹配项: 值“MD_DynamicRelease”不匹配值“MDd_DynamicDebug”(AutoAim-ncnn.obj 中)
MachineIndependent.lib(ShaderLang.obj) : error LNK2038: 检测到“RuntimeLibrary”的不匹配项: 值“MD_DynamicRelease”不匹配值“MDd_DynamicDebug”(AutoAim-ncnn.obj 中)
MachineIndependent.lib(PoolAlloc.obj) : error LNK2038: 检测到“RuntimeLibrary”的不匹配项: 值“MD_DynamicRelease”不匹配值“MDd_DynamicDebug”(AutoAim-ncnn.obj 中)
MachineIndependent.lib(linkValidate.obj) : error LNK2038: 检测到“RuntimeLibrary”的不匹配项: 值“MD_DynamicRelease”不匹配值“MDd_DynamicDebug”(AutoAim-ncnn.obj 中)
MachineIndependent.lib(Versions.obj) : error LNK2038: 检测到“RuntimeLibrary”的不匹配项: 值“MD_DynamicRelease”不匹配值“MDd_DynamicDebug”(AutoAim-ncnn.obj 中)
MachineIndependent.lib(Intermediate.obj) : error LNK2038: 检测到“RuntimeLibrary”的不匹配项: 值“MD_DynamicRelease”不匹配值“MDd_DynamicDebug”(AutoAim-ncnn.obj 中)
MachineIndependent.lib(IntermTraverse.obj) : error LNK2038: 检测到“RuntimeLibrary”的不匹配项: 值“MD_DynamicRelease”不匹配值“MDd_DynamicDebug”(AutoAim-ncnn.obj 中)
MachineIndependent.lib(InfoSink.obj) : error LNK2038: 检测到“RuntimeLibrary”的不匹配项: 值“MD_DynamicRelease”不匹配值“MDd_DynamicDebug”(AutoAim-ncnn.obj 中)
MachineIndependent.lib(SymbolTable.obj) : error LNK2038: 检测到“RuntimeLibrary”的不匹配项: 值“MD_DynamicRelease”不匹配值“MDd_DynamicDebug”(AutoAim-ncnn.obj 中)
MachineIndependent.lib(Scan.obj) : error LNK2038: 检测到“RuntimeLibrary”的不匹配项: 值“MD_DynamicRelease”不匹配值“MDd_DynamicDebug”(AutoAim-ncnn.obj 中)
MachineIndependent.lib(intermOut.obj) : error LNK2038: 检测到“RuntimeLibrary”的不匹配项: 值“MD_DynamicRelease”不匹配值“MDd_DynamicDebug”(AutoAim-ncnn.obj 中)
MachineIndependent.lib(ParseHelper.obj) : error LNK2038: 检测到“RuntimeLibrary”的不匹配项: 值“MD_DynamicRelease”不匹配值“MDd_DynamicDebug”(AutoAim-ncnn.obj 中)
MachineIndependent.lib(PpContext.obj) : error LNK2038: 检测到“RuntimeLibrary”的不匹配项: 值“MD_DynamicRelease”不匹配值“MDd_DynamicDebug”(AutoAim-ncnn.obj 中)
MachineIndependent.lib(PpScanner.obj) : error LNK2038: 检测到“RuntimeLibrary”的不匹配项: 值“MD_DynamicRelease”不匹配值“MDd_DynamicDebug”(AutoAim-ncnn.obj 中)
MachineIndependent.lib(reflection.obj) : error LNK2038: 检测到“RuntimeLibrary”的不匹配项: 值“MD_DynamicRelease”不匹配值“MDd_DynamicDebug”(AutoAim-ncnn.obj 中)
MachineIndependent.lib(iomapper.obj) : error LNK2038: 检测到“RuntimeLibrary”的不匹配项: 值“MD_DynamicRelease”不匹配值“MDd_DynamicDebug”(AutoAim-ncnn.obj 中)
MachineIndependent.lib(Initialize.obj) : error LNK2038: 检测到“RuntimeLibrary”的不匹配项: 值“MD_DynamicRelease”不匹配值“MDd_DynamicDebug”(AutoAim-ncnn.obj 中)
MachineIndependent.lib(SpirvIntrinsics.obj) : error LNK2038: 检测到“RuntimeLibrary”的不匹配项: 值“MD_DynamicRelease”不匹配值“MDd_DynamicDebug”(AutoAim-ncnn.obj 中)
MachineIndependent.lib(Constant.obj) : error LNK2038: 检测到“RuntimeLibrary”的不匹配项: 值“MD_DynamicRelease”不匹配值“MDd_DynamicDebug”(AutoAim-ncnn.obj 中)
MachineIndependent.lib(RemoveTree.obj) : error LNK2038: 检测到“RuntimeLibrary”的不匹配项: 值“MD_DynamicRelease”不匹配值“MDd_DynamicDebug”(AutoAim-ncnn.obj 中)
MachineIndependent.lib(propagateNoContraction.obj) : error LNK2038: 检测到“RuntimeLibrary”的不匹配项: 值“MD_DynamicRelease”不匹配值“MDd_DynamicDebug”(AutoAim-ncnn.obj 中)
MachineIndependent.lib(ParseContextBase.obj) : error LNK2038: 检测到“RuntimeLibrary”的不匹配项: 值“MD_DynamicRelease”不匹配值“MDd_DynamicDebug”(AutoAim-ncnn.obj 中)
MachineIndependent.lib(limits.obj) : error LNK2038: 检测到“RuntimeLibrary”的不匹配项: 值“MD_DynamicRelease”不匹配值“MDd_DynamicDebug”(AutoAim-ncnn.obj 中)
MachineIndependent.lib(glslang_tab.obj) : error LNK2038: 检测到“RuntimeLibrary”的不匹配项: 值“MD_DynamicRelease”不匹配值“MDd_DynamicDebug”(AutoAim-ncnn.obj 中)
MachineIndependent.lib(PpAtom.obj) : error LNK2038: 检测到“RuntimeLibrary”的不匹配项: 值“MD_DynamicRelease”不匹配值“MDd_DynamicDebug”(AutoAim-ncnn.obj 中)
MachineIndependent.lib(Pp.obj) : error LNK2038: 检测到“RuntimeLibrary”的不匹配项: 值“MD_DynamicRelease”不匹配值“MDd_DynamicDebug”(AutoAim-ncnn.obj 中)
MachineIndependent.lib(parseConst.obj) : error LNK2038: 检测到“RuntimeLibrary”的不匹配项: 值“MD_DynamicRelease”不匹配值“MDd_DynamicDebug”(AutoAim-ncnn.obj 中)
MachineIndependent.lib(attribute.obj) : error LNK2038: 检测到“RuntimeLibrary”的不匹配项: 值“MD_DynamicRelease”不匹配值“MDd_DynamicDebug”(AutoAim-ncnn.obj 中)
MachineIndependent.lib(PpTokens.obj) : error LNK2038: 检测到“RuntimeLibrary”的不匹配项: 值“MD_DynamicRelease”不匹配值“MDd_DynamicDebug”(AutoAim-ncnn.obj 中)
GenericCodeGen.lib(CodeGen.obj) : error LNK2038: 检测到“RuntimeLibrary”的不匹配项: 值“MD_DynamicRelease”不匹配值“MDd_DynamicDebug”(AutoAim-ncnn.obj 中)
GenericCodeGen.lib(Link.obj) : error LNK2038: 检测到“RuntimeLibrary”的不匹配项: 值“MD_DynamicRelease”不匹配值“MDd_DynamicDebug”(AutoAim-ncnn.obj 中)
OGLCompiler.lib(InitializeDll.obj) : error LNK2038: 检测到“RuntimeLibrary”的不匹配项: 值“MD_DynamicRelease”不匹配值“MDd_DynamicDebug”(AutoAim-ncnn.obj 中)
LINK : warning LNK4098: 默认库“MSVCRT”与其他库的使用冲突；请使用 /NODEFAULTLIB:library
C:\Users\xuaii\Desktop\Workspace\AutoAim-ncnn\x64\Debug\AutoAim-ncnn.exe : fatal error LNK1319: 检测到 358 个不匹配项
